<?xml version="1.0" encoding="UTF-8"?>
<robot generator="Robot 7.2.2 (Python 3.13.3 on win32)" generated="2025-05-19T20:19:31.282691" rpa="false" schemaversion="5">
<suite id="s1" name="Test" source="d:\WAV-auto-hem\test.robot">
<test id="s1-t1" name="Demonstrate Path And Number Variables" line="5">
<kw name="Log" owner="BuiltIn">
<msg time="2025-05-19T20:19:31.340289" level="INFO">Current Directory: d:\WAV-auto-hem</msg>
<arg>Current Directory: d:\\WAV-auto-hem</arg>
<doc>Logs the given message with the given level.</doc>
<status status="PASS" start="2025-05-19T20:19:31.339753" elapsed="0.002223"/>
</kw>
<kw name="Log" owner="BuiltIn">
<msg time="2025-05-19T20:19:31.342717" level="INFO">Temporary Directory: C:\Users\Tu\AppData\Local\Temp</msg>
<arg>Temporary Directory: ${TEMPDIR}</arg>
<doc>Logs the given message with the given level.</doc>
<status status="PASS" start="2025-05-19T20:19:31.342456" elapsed="0.000401"/>
</kw>
<kw name="Log" owner="BuiltIn">
<msg time="2025-05-19T20:19:31.343380" level="INFO">Execution Directory: D:\WAV-auto-hem</msg>
<arg>Execution Directory: ${EXECDIR}</arg>
<doc>Logs the given message with the given level.</doc>
<status status="PASS" start="2025-05-19T20:19:31.343191" elapsed="0.000301"/>
</kw>
<kw name="Log" owner="BuiltIn">
<msg time="2025-05-19T20:19:31.344184" level="INFO">Number Zero: 0</msg>
<arg>Number Zero: ${0}</arg>
<doc>Logs the given message with the given level.</doc>
<status status="PASS" start="2025-05-19T20:19:31.343859" elapsed="0.000438"/>
</kw>
<kw name="Log" owner="BuiltIn">
<msg time="2025-05-19T20:19:31.344935" level="INFO">Number One: 1</msg>
<arg>Number One: ${1}</arg>
<doc>Logs the given message with the given level.</doc>
<status status="PASS" start="2025-05-19T20:19:31.344637" elapsed="0.000412"/>
</kw>
<kw name="Log" owner="BuiltIn">
<msg time="2025-05-19T20:19:31.345671" level="INFO">Number Two: 2</msg>
<arg>Number Two: ${2}</arg>
<doc>Logs the given message with the given level.</doc>
<status status="PASS" start="2025-05-19T20:19:31.345372" elapsed="0.000413"/>
</kw>
<kw name="Evaluate" owner="BuiltIn">
<msg time="2025-05-19T20:19:31.346591" level="INFO">${sum} = 3</msg>
<var>${sum}</var>
<arg>${1} + ${2}</arg>
<doc>Evaluates the given expression in Python and returns the result.</doc>
<status status="PASS" start="2025-05-19T20:19:31.346084" elapsed="0.000608"/>
</kw>
<kw name="Log" owner="BuiltIn">
<msg time="2025-05-19T20:19:31.347284" level="INFO">1 + 2 = 3</msg>
<arg>1 + 2 = ${sum}</arg>
<doc>Logs the given message with the given level.</doc>
<status status="PASS" start="2025-05-19T20:19:31.347056" elapsed="0.000354"/>
</kw>
<status status="PASS" start="2025-05-19T20:19:31.338922" elapsed="0.009097"/>
</test>
<status status="PASS" start="2025-05-19T20:19:31.286198" elapsed="0.062904"/>
</suite>
<statistics>
<total>
<stat pass="1" fail="0" skip="0">All Tests</stat>
</total>
<tag>
</tag>
<suite>
<stat name="Test" id="s1" pass="1" fail="0" skip="0">Test</stat>
</suite>
</statistics>
<errors>
</errors>
</robot>
