<?xml version="1.0" encoding="UTF-8"?>
<robot generator="Robot 7.2.2 (Python 3.13.3 on win32)" generated="2025-06-09T21:03:54.961663" rpa="false" schemaversion="5">
<suite id="s1" name="Tu Test1" source="d:\WAV-auto-hem\tu_tests\tu_test1.robot">
<test id="s1-t1" name="Verify showing confirmation popup with provided data" line="20">
<kw name="Open Practice Form" owner="test1">
<kw name="Open Browser" owner="SeleniumLibrary">
<msg time="2025-06-09T21:03:55.203394" level="INFO">Opening browser 'chrome' to base url 'https://demoqa.com/automation-practice-form'.</msg>
<arg>${DEMOQA_URL}</arg>
<arg>chrome</arg>
<doc>Opens a new browser instance to the optional ``url``.</doc>
<status status="PASS" start="2025-06-09T21:03:55.203121" elapsed="7.027557"/>
</kw>
<kw name="Maximize Browser Window" owner="SeleniumLibrary">
<doc>Maximizes current browser window.</doc>
<status status="PASS" start="2025-06-09T21:04:02.230951" elapsed="0.026507"/>
</kw>
<doc>This function is for opening the website</doc>
<status status="PASS" start="2025-06-09T21:03:55.202429" elapsed="7.055288"/>
</kw>
<kw name="Input Name" owner="test1">
<kw name="Input Text" owner="SeleniumLibrary">
<msg time="2025-06-09T21:04:02.259255" level="INFO">Typing text 'Tu' into text field '//*[@id="firstName"]'.</msg>
<arg>${FIRST_NAME_FIELD}</arg>
<arg>${first_name}</arg>
<doc>Types the given ``text`` into the text field identified by ``locator``.</doc>
<status status="PASS" start="2025-06-09T21:04:02.258765" elapsed="0.121909"/>
</kw>
<kw name="Input Text" owner="SeleniumLibrary">
<msg time="2025-06-09T21:04:02.381172" level="INFO">Typing text 'Ha' into text field '//*[@id="lastName"]'.</msg>
<arg>${LAST_NAME_FIELD}</arg>
<arg>${last_name}</arg>
<doc>Types the given ``text`` into the text field identified by ``locator``.</doc>
<status status="PASS" start="2025-06-09T21:04:02.380898" elapsed="0.048208"/>
</kw>
<arg>${FIRST_NAME}</arg>
<arg>${LAST_NAME}</arg>
<doc>This function is for inputting name</doc>
<status status="PASS" start="2025-06-09T21:04:02.258234" elapsed="0.171055"/>
</kw>
<kw name="Input Email" owner="test1">
<kw name="Input Text" owner="SeleniumLibrary">
<msg time="2025-06-09T21:04:02.430242" level="INFO">Typing text 'minhtu11598@gmail.com' into text field '//*[@id="userEmail"]'.</msg>
<arg>${EMAIL_FIELD}</arg>
<arg>${email}</arg>
<doc>Types the given ``text`` into the text field identified by ``locator``.</doc>
<status status="PASS" start="2025-06-09T21:04:02.429998" elapsed="0.094493"/>
</kw>
<arg>${EMAIL}</arg>
<doc>This function is for inputting email</doc>
<status status="PASS" start="2025-06-09T21:04:02.429651" elapsed="0.095012"/>
</kw>
<kw name="Select Gender" owner="test1">
<kw name="Click Element" owner="SeleniumLibrary">
<msg time="2025-06-09T21:04:02.525620" level="INFO">Clicking element '//label[contains(text(), 'Female')]'.</msg>
<arg>${FEMALE_GENDER_OPTION}</arg>
<doc>Click the element identified by ``locator``.</doc>
<status status="PASS" start="2025-06-09T21:04:02.525390" elapsed="0.066640"/>
</kw>
<doc>This function is for selecting gender</doc>
<status status="PASS" start="2025-06-09T21:04:02.525082" elapsed="0.067122"/>
</kw>
<kw name="Input Mobile" owner="test1">
<kw name="Input Text" owner="SeleniumLibrary">
<msg time="2025-06-09T21:04:02.593179" level="INFO">Typing text '0909090909' into text field '//*[@id="userNumber"]'.</msg>
<arg>${MOBILE_FIELD}</arg>
<arg>${mobile}</arg>
<doc>Types the given ``text`` into the text field identified by ``locator``.</doc>
<status status="PASS" start="2025-06-09T21:04:02.592926" elapsed="0.066401"/>
</kw>
<arg>${MOBILE}</arg>
<doc>This function is for inputting mobile</doc>
<status status="PASS" start="2025-06-09T21:04:02.592570" elapsed="0.066927"/>
</kw>
<kw name="Scroll To The End Of The Page" owner="test1">
<kw name="Scroll Element Into View" owner="SeleniumLibrary">
<arg>${LAST_PAGE_ELEMENT}</arg>
<doc>Scrolls the element identified by ``locator`` into view.</doc>
<status status="PASS" start="2025-06-09T21:04:02.660116" elapsed="0.299825"/>
</kw>
<doc>This function is for scrolling to the end of the page</doc>
<status status="PASS" start="2025-06-09T21:04:02.659834" elapsed="0.300283"/>
</kw>
<kw name="Input Subject" owner="test1">
<kw name="Input Text" owner="SeleniumLibrary">
<msg time="2025-06-09T21:04:02.961155" level="INFO">Typing text 'English' into text field '//*[@id="subjectsInput"]'.</msg>
<arg>${SUBJECT_FIELD}</arg>
<arg>${subject}</arg>
<doc>Types the given ``text`` into the text field identified by ``locator``.</doc>
<status status="PASS" start="2025-06-09T21:04:02.960905" elapsed="0.077332"/>
</kw>
<kw name="Press Keys" owner="SeleniumLibrary">
<msg time="2025-06-09T21:04:03.038874" level="INFO">Sending key(s) ('RETURN',) to //*[@id="subjectsInput"] element.</msg>
<msg time="2025-06-09T21:04:03.359002" level="INFO">Pressing special key RETURN to element.</msg>
<msg time="2025-06-09T21:04:03.359190" level="INFO">Releasing special key RETURN.</msg>
<arg>${SUBJECT_FIELD}</arg>
<arg>RETURN</arg>
<doc>Simulates the user pressing key(s) to an element or on the active browser.</doc>
<status status="PASS" start="2025-06-09T21:04:03.038479" elapsed="0.333059"/>
</kw>
<arg>${SUBJECT}</arg>
<doc>This function is for inputting subject</doc>
<status status="PASS" start="2025-06-09T21:04:02.960550" elapsed="0.411157"/>
</kw>
<kw name="Select Hobbies" owner="test1">
<kw name="Click Element" owner="SeleniumLibrary">
<msg time="2025-06-09T21:04:03.372608" level="INFO">Clicking element '//label[contains(text(), 'Music')]'.</msg>
<arg>${MUSIC_HOBBIES_OPTION}</arg>
<doc>Click the element identified by ``locator``.</doc>
<status status="PASS" start="2025-06-09T21:04:03.372390" elapsed="0.049908"/>
</kw>
<doc>This function is for selecting hobbies</doc>
<status status="PASS" start="2025-06-09T21:04:03.372085" elapsed="0.050548"/>
</kw>
<kw name="Select Picture" owner="test1">
<kw name="Get file path" owner="test1">
<kw name="Set Variable" owner="BuiltIn">
<msg time="2025-06-09T21:04:03.425843" level="INFO">${raw_path} = d:\WAV-auto-hem\tu_resource\..\tu_test_data\picture.jpg</msg>
<var>${raw_path}</var>
<arg>d:\\WAV-auto-hem\\tu_resource\\..\\tu_test_data\\${filename}</arg>
<doc>Returns the given values which can then be assigned to a variables.</doc>
<status status="PASS" start="2025-06-09T21:04:03.425136" elapsed="0.000994"/>
</kw>
<kw name="Normalize Path" owner="OperatingSystem">
<msg time="2025-06-09T21:04:03.426945" level="INFO">${file_path} = d:\WAV-auto-hem\tu_test_data\picture.jpg</msg>
<var>${file_path}</var>
<arg>${raw_path}</arg>
<doc>Normalizes the given path.</doc>
<status status="PASS" start="2025-06-09T21:04:03.426467" elapsed="0.000750"/>
</kw>
<return>
<value>${file_path}</value>
<status status="PASS" start="2025-06-09T21:04:03.427426" elapsed="0.000217"/>
</return>
<msg time="2025-06-09T21:04:03.428049" level="INFO">${file_path} = d:\WAV-auto-hem\tu_test_data\picture.jpg</msg>
<var>${file_path}</var>
<arg>picture.jpg</arg>
<doc>Get file path of the picture</doc>
<status status="PASS" start="2025-06-09T21:04:03.423826" elapsed="0.004414"/>
</kw>
<kw name="Choose File" owner="SeleniumLibrary">
<msg time="2025-06-09T21:04:03.428949" level="INFO">Sending d:\WAV-auto-hem\tu_test_data\picture.jpg to browser.</msg>
<arg>${UPLOAD_PICTURE_BUTTON}</arg>
<arg>${file_path}</arg>
<doc>Inputs the ``file_path`` into the file input field ``locator``.</doc>
<status status="PASS" start="2025-06-09T21:04:03.428511" elapsed="0.033946"/>
</kw>
<doc>This function is for selecting picture</doc>
<status status="PASS" start="2025-06-09T21:04:03.423360" elapsed="0.039268"/>
</kw>
<kw name="Input Address" owner="test1">
<kw name="Input Text" owner="SeleniumLibrary">
<msg time="2025-06-09T21:04:03.463912" level="INFO">Typing text 'abcxyz' into text field '//*[@id="currentAddress"]'.</msg>
<arg>${CURRENT_ADDRESS_FIELD}</arg>
<arg>${address}</arg>
<doc>Types the given ``text`` into the text field identified by ``locator``.</doc>
<status status="PASS" start="2025-06-09T21:04:03.463672" elapsed="0.077436"/>
</kw>
<arg>${CURRENT_ADDRESS}</arg>
<doc>This function is for inputting address</doc>
<status status="PASS" start="2025-06-09T21:04:03.463342" elapsed="0.078044"/>
</kw>
<kw name="Select State" owner="test1">
<kw name="Click Element" owner="SeleniumLibrary">
<msg time="2025-06-09T21:04:03.542274" level="INFO">Clicking element '//*[@id="state"]'.</msg>
<arg>${SELECT_STATE_DROPDOWN}</arg>
<doc>Click the element identified by ``locator``.</doc>
<status status="PASS" start="2025-06-09T21:04:03.542058" elapsed="0.082818"/>
</kw>
<kw name="Click Element" owner="SeleniumLibrary">
<msg time="2025-06-09T21:04:03.625331" level="INFO">Clicking element 'xpath=//div[text()="Haryana"]'.</msg>
<arg>xpath=//div[text()="Haryana"]</arg>
<doc>Click the element identified by ``locator``.</doc>
<status status="PASS" start="2025-06-09T21:04:03.625110" elapsed="0.061357"/>
</kw>
<doc>This function is for selecting state</doc>
<status status="PASS" start="2025-06-09T21:04:03.541775" elapsed="0.144863"/>
</kw>
<kw name="Select City" owner="test1">
<kw name="Click Element" owner="SeleniumLibrary">
<msg time="2025-06-09T21:04:03.687708" level="INFO">Clicking element '//*[@id="city"]'.</msg>
<arg>${SELECT_CITY_DROPDOWN}</arg>
<doc>Click the element identified by ``locator``.</doc>
<status status="PASS" start="2025-06-09T21:04:03.687495" elapsed="0.057506"/>
</kw>
<kw name="Click Element" owner="SeleniumLibrary">
<msg time="2025-06-09T21:04:03.745456" level="INFO">Clicking element 'xpath=//div[text()="Karnal"]'.</msg>
<arg>xpath=//div[text()="Karnal"]</arg>
<doc>Click the element identified by ``locator``.</doc>
<status status="PASS" start="2025-06-09T21:04:03.745227" elapsed="0.050627"/>
</kw>
<doc>This function is for selecting city</doc>
<status status="PASS" start="2025-06-09T21:04:03.687209" elapsed="0.108814"/>
</kw>
<kw name="Select Date" owner="test1">
<kw name="Click Element" owner="SeleniumLibrary">
<msg time="2025-06-09T21:04:03.797168" level="INFO">Clicking element '//*[@id="dateOfBirthInput"]'.</msg>
<arg>${DATE_OF_BIRTH_FIELD}</arg>
<doc>Click the element identified by ``locator``.</doc>
<status status="PASS" start="2025-06-09T21:04:03.796776" elapsed="0.097987"/>
</kw>
<kw name="Click Element" owner="SeleniumLibrary">
<msg time="2025-06-09T21:04:03.895405" level="INFO">Clicking element '//select[@class='react-datepicker__month-select']//option[text()='June']'.</msg>
<arg>//select[@class='react-datepicker__month-select']//option[text()='${MONTH}']</arg>
<doc>Click the element identified by ``locator``.</doc>
<status status="PASS" start="2025-06-09T21:04:03.895121" elapsed="0.041515"/>
</kw>
<kw name="Click Element" owner="SeleniumLibrary">
<msg time="2025-06-09T21:04:03.937109" level="INFO">Clicking element '//select[@class='react-datepicker__year-select']//option[text()='2025']'.</msg>
<arg>//select[@class='react-datepicker__year-select']//option[text()='${YEAR}']</arg>
<doc>Click the element identified by ``locator``.</doc>
<status status="PASS" start="2025-06-09T21:04:03.936853" elapsed="0.022007"/>
</kw>
<kw name="Click Element" owner="SeleniumLibrary">
<msg time="2025-06-09T21:04:03.959311" level="INFO">Clicking element '//*[@id="dateOfBirth"]/div[2]/div[2]/div/div/div[2]/div[2]/div[2]/div[3]'.</msg>
<arg>${DATE}</arg>
<doc>Click the element identified by ``locator``.</doc>
<status status="PASS" start="2025-06-09T21:04:03.959078" elapsed="0.057619"/>
</kw>
<doc>Select Date From Custom Calendar</doc>
<status status="PASS" start="2025-06-09T21:04:03.796433" elapsed="0.220548"/>
</kw>
<kw name="Submit Practice Form" owner="test1">
<kw name="Click Button" owner="SeleniumLibrary">
<msg time="2025-06-09T21:04:04.018227" level="INFO">Clicking button '//*[@id="submit"]'.</msg>
<arg>${SUBMIT_BUTTON}</arg>
<doc>Clicks the button identified by ``locator``.</doc>
<status status="PASS" start="2025-06-09T21:04:04.017986" elapsed="0.072354"/>
</kw>
<doc>This function is for submitting form</doc>
<status status="PASS" start="2025-06-09T21:04:04.017608" elapsed="0.072909"/>
</kw>
<kw name="Verify the submited form" owner="test1">
<kw name="Verify Title" owner="test1">
<kw name="Page Should Contain" owner="SeleniumLibrary">
<msg time="2025-06-09T21:04:04.104502" level="INFO">Current page contains text 'Thanks for submitting the form'.</msg>
<arg>${form_title}</arg>
<doc>Verifies that current page contains ``text``.</doc>
<status status="PASS" start="2025-06-09T21:04:04.091991" elapsed="0.012720"/>
</kw>
<arg>${form_title}</arg>
<status status="PASS" start="2025-06-09T21:04:04.091673" elapsed="0.013173"/>
</kw>
<kw name="Verify Name" owner="test1">
<kw name="Page Should Contain" owner="SeleniumLibrary">
<msg time="2025-06-09T21:04:04.119167" level="INFO">Current page contains text 'Tu'.</msg>
<arg>${first_name}</arg>
<doc>Verifies that current page contains ``text``.</doc>
<status status="PASS" start="2025-06-09T21:04:04.105422" elapsed="0.013950"/>
</kw>
<kw name="Page Should Contain" owner="SeleniumLibrary">
<msg time="2025-06-09T21:04:04.130786" level="INFO">Current page contains text 'Ha'.</msg>
<arg>${last_name}</arg>
<doc>Verifies that current page contains ``text``.</doc>
<status status="PASS" start="2025-06-09T21:04:04.119549" elapsed="0.011443"/>
</kw>
<arg>${first_name}</arg>
<arg>${last_name}</arg>
<status status="PASS" start="2025-06-09T21:04:04.105027" elapsed="0.026092"/>
</kw>
<kw name="Verify Email" owner="test1">
<kw name="Page Should Contain" owner="SeleniumLibrary">
<msg time="2025-06-09T21:04:04.142700" level="INFO">Current page contains text 'minhtu11598@gmail.com'.</msg>
<arg>${email}</arg>
<doc>Verifies that current page contains ``text``.</doc>
<status status="PASS" start="2025-06-09T21:04:04.131592" elapsed="0.011336"/>
</kw>
<arg>${email}</arg>
<status status="PASS" start="2025-06-09T21:04:04.131294" elapsed="0.011771"/>
</kw>
<kw name="Verify Gender" owner="test1">
<kw name="Page Should Contain" owner="SeleniumLibrary">
<msg time="2025-06-09T21:04:04.156428" level="INFO">Current page contains text 'Female'.</msg>
<arg>${gender}</arg>
<doc>Verifies that current page contains ``text``.</doc>
<status status="PASS" start="2025-06-09T21:04:04.143566" elapsed="0.013068"/>
</kw>
<arg>${gender}</arg>
<status status="PASS" start="2025-06-09T21:04:04.143248" elapsed="0.013514"/>
</kw>
<kw name="Verify Mobile" owner="test1">
<kw name="Page Should Contain" owner="SeleniumLibrary">
<msg time="2025-06-09T21:04:04.167944" level="INFO">Current page contains text '0909090909'.</msg>
<arg>${mobile}</arg>
<doc>Verifies that current page contains ``text``.</doc>
<status status="PASS" start="2025-06-09T21:04:04.157236" elapsed="0.010906"/>
</kw>
<arg>${mobile}</arg>
<status status="PASS" start="2025-06-09T21:04:04.156938" elapsed="0.011332"/>
</kw>
<kw name="Verify DOB" owner="test1">
<kw name="Page Should Contain" owner="SeleniumLibrary">
<msg time="2025-06-09T21:04:04.180382" level="INFO">Current page contains text '10 June,2025'.</msg>
<arg>${date_of_birth}</arg>
<doc>Verifies that current page contains ``text``.</doc>
<status status="PASS" start="2025-06-09T21:04:04.168741" elapsed="0.011840"/>
</kw>
<arg>${date_of_birth}</arg>
<status status="PASS" start="2025-06-09T21:04:04.168437" elapsed="0.012271"/>
</kw>
<kw name="Verify Subject" owner="test1">
<kw name="Page Should Contain" owner="SeleniumLibrary">
<msg time="2025-06-09T21:04:04.192761" level="INFO">Current page contains text 'English'.</msg>
<arg>${subject}</arg>
<doc>Verifies that current page contains ``text``.</doc>
<status status="PASS" start="2025-06-09T21:04:04.181170" elapsed="0.011792"/>
</kw>
<arg>${subject}</arg>
<status status="PASS" start="2025-06-09T21:04:04.180875" elapsed="0.012215"/>
</kw>
<kw name="Verify Hobbies" owner="test1">
<kw name="Page Should Contain" owner="SeleniumLibrary">
<msg time="2025-06-09T21:04:04.204727" level="INFO">Current page contains text 'Music'.</msg>
<arg>${hobbies}</arg>
<doc>Verifies that current page contains ``text``.</doc>
<status status="PASS" start="2025-06-09T21:04:04.193556" elapsed="0.011386"/>
</kw>
<arg>${hobbies}</arg>
<status status="PASS" start="2025-06-09T21:04:04.193260" elapsed="0.011965"/>
</kw>
<kw name="Verify Picture" owner="test1">
<kw name="Page Should Contain" owner="SeleniumLibrary">
<msg time="2025-06-09T21:04:04.216495" level="INFO">Current page contains text 'picture.jpg'.</msg>
<arg>${picture}</arg>
<doc>Verifies that current page contains ``text``.</doc>
<status status="PASS" start="2025-06-09T21:04:04.205746" elapsed="0.010950"/>
</kw>
<arg>${picture}</arg>
<status status="PASS" start="2025-06-09T21:04:04.205407" elapsed="0.011416"/>
</kw>
<kw name="Verify Address" owner="test1">
<kw name="Page Should Contain" owner="SeleniumLibrary">
<msg time="2025-06-09T21:04:04.227943" level="INFO">Current page contains text 'abcxyz'.</msg>
<arg>${address}</arg>
<doc>Verifies that current page contains ``text``.</doc>
<status status="PASS" start="2025-06-09T21:04:04.217298" elapsed="0.010846"/>
</kw>
<arg>${address}</arg>
<status status="PASS" start="2025-06-09T21:04:04.216995" elapsed="0.011276"/>
</kw>
<kw name="Verify State And City" owner="test1">
<kw name="Page Should Contain" owner="SeleniumLibrary">
<msg time="2025-06-09T21:04:04.245462" level="INFO">Current page contains text 'Haryana Karnal'.</msg>
<arg>${state_city}</arg>
<doc>Verifies that current page contains ``text``.</doc>
<status status="PASS" start="2025-06-09T21:04:04.228760" elapsed="0.016921"/>
</kw>
<arg>${state_city}</arg>
<status status="PASS" start="2025-06-09T21:04:04.228444" elapsed="0.017370"/>
</kw>
<arg>${FORM_TITLE}</arg>
<arg>${FIRST_NAME}</arg>
<arg>${LAST_NAME}</arg>
<arg>${EMAIL}</arg>
<arg>${GENDER}</arg>
<arg>${MOBILE}</arg>
<arg>${DATE_OF_BIRTH}</arg>
<arg>${SUBJECT}</arg>
<arg>${HOBBIES}</arg>
<arg>${PICTURE}</arg>
<arg>${CURRENT_ADDRESS}</arg>
<arg>${STATE_CITY}</arg>
<doc>Verify the submited form</doc>
<status status="PASS" start="2025-06-09T21:04:04.091040" elapsed="0.154878"/>
</kw>
<kw name="Sleep" owner="BuiltIn">
<msg time="2025-06-09T21:04:09.247460" level="INFO">Slept 5 seconds.</msg>
<arg>5s</arg>
<doc>Pauses the test executed for the given time.</doc>
<status status="PASS" start="2025-06-09T21:04:04.246417" elapsed="5.001534"/>
</kw>
<doc>This function is for submitting the Practice</doc>
<status status="PASS" start="2025-06-09T21:03:55.201682" elapsed="14.046791"/>
</test>
<status status="PASS" start="2025-06-09T21:03:54.964762" elapsed="14.284922"/>
</suite>
<statistics>
<total>
<stat pass="1" fail="0" skip="0">All Tests</stat>
</total>
<tag>
</tag>
<suite>
<stat name="Tu Test1" id="s1" pass="1" fail="0" skip="0">Tu Test1</stat>
</suite>
</statistics>
<errors>
</errors>
</robot>
