<?xml version="1.0" encoding="UTF-8"?>
<robot generator="Robot 7.2.2 (Python 3.13.3 on win32)" generated="2025-05-07T20:41:15.212354" rpa="false" schemaversion="5">
<suite id="s1" name="Tu Test On Browser" source="d:\WAV-auto-hem\tu_test_on_browser.robot">
<test id="s1-t1" name="Login Test On Empty Browser" line="31">
<kw name="Open My Page" owner="hook">
<kw name="Log" owner="BuiltIn">
<msg time="2025-05-07T20:41:15.469860" level="INFO">URL: https://the-internet.herokuapp.com/login, Browser: None</msg>
<arg>URL: ${url}, Browser: ${browser}</arg>
<doc>Logs the given message with the given level.</doc>
<status status="PASS" start="2025-05-07T20:41:15.469611" elapsed="0.001427"/>
</kw>
<kw name="Run Keyword If" owner="BuiltIn">
<kw name="Log" owner="BuiltIn">
<msg time="2025-05-07T20:41:15.471718" level="INFO">Browser is None</msg>
<arg>Browser is None</arg>
<doc>Logs the given message with the given level.</doc>
<status status="PASS" start="2025-05-07T20:41:15.471573" elapsed="0.000280"/>
</kw>
<arg>'${BROWSER}' == '${NONE}'</arg>
<arg>Log</arg>
<arg>Browser is None</arg>
<doc>Runs the given keyword with the given arguments, if ``condition`` is true.</doc>
<status status="PASS" start="2025-05-07T20:41:15.471244" elapsed="0.000726"/>
</kw>
<kw name="Run Keyword If" owner="BuiltIn">
<arg>'${BROWSER}' == ''</arg>
<arg>Log</arg>
<arg>Browser is an empty string</arg>
<doc>Runs the given keyword with the given arguments, if ``condition`` is true.</doc>
<status status="PASS" start="2025-05-07T20:41:15.472114" elapsed="0.000209"/>
</kw>
<kw name="Run Keyword If" owner="BuiltIn">
<arg>'${BROWSER}' != '${NONE}' and '${BROWSER}' != ''</arg>
<arg>Open Browser</arg>
<arg>${URL}</arg>
<arg>${BROWSER}</arg>
<doc>Runs the given keyword with the given arguments, if ``condition`` is true.</doc>
<status status="PASS" start="2025-05-07T20:41:15.472473" elapsed="0.000245"/>
</kw>
<arg>${URL}</arg>
<arg>${NONE}</arg>
<status status="PASS" start="2025-05-07T20:41:15.468869" elapsed="0.003998"/>
</kw>
<status status="PASS" start="2025-05-07T20:41:15.468170" elapsed="0.005356"/>
</test>
<status status="PASS" start="2025-05-07T20:41:15.215633" elapsed="0.259477"/>
</suite>
<statistics>
<total>
<stat pass="1" fail="0" skip="0">All Tests</stat>
</total>
<tag>
</tag>
<suite>
<stat name="Tu Test On Browser" id="s1" pass="1" fail="0" skip="0">Tu Test On Browser</stat>
</suite>
</statistics>
<errors>
</errors>
</robot>
